TN:
SF:server.js
FN:29,(anonymous_0)
FN:62,(anonymous_1)
FN:70,(anonymous_2)
FN:75,(anonymous_3)
FNF:4
FNH:0
FNDA:0,(anonymous_0)
FNDA:0,(anonymous_1)
FNDA:0,(anonymous_2)
FNDA:0,(anonymous_3)
DA:1,2
DA:2,2
DA:3,2
DA:4,2
DA:6,2
DA:7,2
DA:8,2
DA:9,2
DA:10,2
DA:13,2
DA:15,2
DA:18,2
DA:25,2
DA:26,2
DA:29,2
DA:30,0
DA:31,0
DA:33,0
DA:39,2
DA:44,2
DA:56,2
DA:62,2
DA:63,0
DA:64,0
DA:70,2
DA:71,0
DA:72,0
DA:75,2
DA:76,0
DA:77,0
DA:94,2
LF:31
LH:22
BRDA:30,0,0,0
BRDA:30,0,1,0
BRDA:30,1,0,0
BRDA:30,1,1,0
BRDA:30,1,2,0
BRDA:64,2,0,0
BRDA:64,2,1,0
BRDA:65,3,0,0
BRDA:65,3,1,0
BRF:9
BRH:0
end_of_record
TN:
SF:controllers\courseController.js
FN:5,(anonymous_0)
FN:17,(anonymous_1)
FN:39,(anonymous_2)
FN:55,(anonymous_3)
FN:73,(anonymous_4)
FNF:5
FNH:2
FNDA:1,(anonymous_0)
FNDA:3,(anonymous_1)
FNDA:0,(anonymous_2)
FNDA:0,(anonymous_3)
FNDA:0,(anonymous_4)
DA:1,2
DA:2,2
DA:5,2
DA:6,1
DA:7,1
DA:8,1
DA:10,0
DA:17,2
DA:18,3
DA:21,3
DA:22,1
DA:25,2
DA:26,2
DA:27,2
DA:28,1
DA:30,1
DA:32,0
DA:39,2
DA:40,0
DA:41,0
DA:42,0
DA:43,0
DA:48,0
DA:55,2
DA:56,0
DA:57,0
DA:61,0
DA:62,0
DA:64,0
DA:66,0
DA:73,2
DA:74,0
DA:75,0
DA:76,0
DA:77,0
DA:79,0
DA:82,0
DA:86,2
LF:38
LH:19
BRDA:21,0,0,1
BRDA:21,0,1,2
BRDA:27,1,0,1
BRDA:27,1,1,1
BRDA:61,2,0,0
BRDA:61,2,1,0
BRDA:76,3,0,0
BRDA:76,3,1,0
BRF:8
BRH:4
end_of_record
TN:
SF:models\Course.js
FNF:0
FNH:0
DA:1,2
DA:3,2
DA:34,2
DA:35,2
LF:4
LH:4
BRF:0
BRH:0
end_of_record
TN:
SF:models\Room.js
FNF:0
FNH:0
DA:1,2
DA:3,2
DA:30,2
DA:31,2
LF:4
LH:4
BRF:0
BRH:0
end_of_record
TN:
SF:models\Student.js
FNF:0
FNH:0
DA:1,2
DA:3,2
DA:64,2
DA:65,2
LF:4
LH:4
BRF:0
BRH:0
end_of_record
