TN:
SF:server.js
FN:29,(anonymous_0)
FN:62,(anonymous_1)
FN:70,(anonymous_2)
FN:75,(anonymous_3)
FNF:4
FNH:0
FNDA:0,(anonymous_0)
FNDA:0,(anonymous_1)
FNDA:0,(anonymous_2)
FNDA:0,(anonymous_3)
DA:1,4
DA:2,4
DA:3,4
DA:4,4
DA:6,4
DA:7,4
DA:8,4
DA:9,4
DA:10,4
DA:13,4
DA:15,4
DA:18,4
DA:25,4
DA:26,4
DA:29,4
DA:30,0
DA:31,0
DA:33,0
DA:39,4
DA:44,4
DA:56,4
DA:62,4
DA:63,0
DA:64,0
DA:70,4
DA:71,0
DA:72,0
DA:75,4
DA:76,0
DA:77,0
DA:94,4
LF:31
LH:22
BRDA:30,0,0,0
BRDA:30,0,1,0
BRDA:30,1,0,0
BRDA:30,1,1,0
BRDA:30,1,2,0
BRDA:64,2,0,0
BRDA:64,2,1,0
BRDA:65,3,0,0
BRDA:65,3,1,0
BRF:9
BRH:0
end_of_record
TN:
SF:auth\github.js
FN:12,(anonymous_0)
FN:33,(anonymous_1)
FN:37,(anonymous_2)
FNF:3
FNH:0
FNDA:0,(anonymous_0)
FNDA:0,(anonymous_1)
FNDA:0,(anonymous_2)
DA:1,4
DA:2,4
DA:3,4
DA:5,4
DA:13,0
DA:14,0
DA:16,0
DA:17,0
DA:25,0
DA:27,0
DA:33,4
DA:34,0
DA:37,4
DA:38,0
DA:39,0
LF:15
LH:6
BRDA:16,0,0,0
BRDA:16,0,1,0
BRDA:20,1,0,0
BRDA:20,1,1,0
BRDA:21,2,0,0
BRDA:21,2,1,0
BRF:6
BRH:0
end_of_record
TN:
SF:controllers\clubController.js
FN:4,(anonymous_0)
FN:16,(anonymous_1)
FN:36,(anonymous_2)
FN:53,(anonymous_3)
FN:69,(anonymous_4)
FNF:5
FNH:2
FNDA:1,(anonymous_0)
FNDA:3,(anonymous_1)
FNDA:0,(anonymous_2)
FNDA:0,(anonymous_3)
FNDA:0,(anonymous_4)
DA:1,4
DA:2,4
DA:4,4
DA:5,1
DA:6,1
DA:7,1
DA:9,0
DA:16,4
DA:17,3
DA:18,3
DA:22,2
DA:23,1
DA:26,1
DA:27,1
DA:29,0
DA:36,4
DA:37,0
DA:38,0
DA:39,0
DA:41,0
DA:46,0
DA:53,4
DA:54,0
DA:55,0
DA:59,0
DA:60,0
DA:62,0
DA:69,4
DA:70,0
DA:71,0
DA:72,0
DA:73,0
DA:75,0
DA:82,4
LF:34
LH:17
BRDA:22,0,0,1
BRDA:22,0,1,1
BRDA:26,1,0,1
BRDA:26,1,1,0
BRDA:59,2,0,0
BRDA:59,2,1,0
BRDA:72,3,0,0
BRDA:72,3,1,0
BRF:8
BRH:3
end_of_record
TN:
SF:controllers\courseController.js
FN:5,(anonymous_0)
FN:18,(anonymous_1)
FN:40,(anonymous_2)
FN:56,(anonymous_3)
FN:87,(anonymous_4)
FNF:5
FNH:2
FNDA:1,(anonymous_0)
FNDA:3,(anonymous_1)
FNDA:0,(anonymous_2)
FNDA:0,(anonymous_3)
FNDA:0,(anonymous_4)
DA:1,4
DA:2,4
DA:5,4
DA:6,1
DA:7,1
DA:11,1
DA:13,0
DA:18,4
DA:19,3
DA:22,3
DA:23,1
DA:26,2
DA:27,2
DA:28,2
DA:29,1
DA:31,1
DA:33,0
DA:40,4
DA:41,0
DA:42,0
DA:43,0
DA:44,0
DA:49,0
DA:56,4
DA:57,0
DA:58,0
DA:59,0
DA:62,0
DA:63,0
DA:68,0
DA:69,0
DA:74,0
DA:77,0
DA:78,0
DA:82,0
DA:87,4
DA:88,0
DA:89,0
DA:90,0
DA:91,0
DA:93,0
DA:96,0
DA:100,4
LF:43
LH:19
BRDA:22,0,0,1
BRDA:22,0,1,2
BRDA:28,1,0,1
BRDA:28,1,1,1
BRDA:58,2,0,0
BRDA:58,2,1,0
BRDA:68,3,0,0
BRDA:68,3,1,0
BRDA:77,4,0,0
BRDA:77,4,1,0
BRDA:90,5,0,0
BRDA:90,5,1,0
BRF:12
BRH:4
end_of_record
TN:
SF:controllers\roomController.js
FN:5,(anonymous_0)
FN:17,(anonymous_1)
FN:35,(anonymous_2)
FN:51,(anonymous_3)
FN:72,(anonymous_4)
FNF:5
FNH:2
FNDA:1,(anonymous_0)
FNDA:3,(anonymous_1)
FNDA:0,(anonymous_2)
FNDA:0,(anonymous_3)
FNDA:0,(anonymous_4)
DA:1,4
DA:2,4
DA:5,4
DA:6,1
DA:7,1
DA:8,1
DA:10,0
DA:17,4
DA:18,3
DA:19,3
DA:20,2
DA:21,1
DA:23,1
DA:25,1
DA:26,1
DA:28,0
DA:35,4
DA:36,0
DA:37,0
DA:38,0
DA:39,0
DA:44,0
DA:51,4
DA:52,0
DA:53,0
DA:57,0
DA:58,0
DA:60,0
DA:65,0
DA:72,4
DA:73,0
DA:74,0
DA:75,0
DA:76,0
DA:78,0
DA:80,0
DA:86,4
LF:37
LH:18
BRDA:20,0,0,1
BRDA:20,0,1,1
BRDA:25,1,0,1
BRDA:25,1,1,0
BRDA:57,2,0,0
BRDA:57,2,1,0
BRDA:75,3,0,0
BRDA:75,3,1,0
BRF:8
BRH:3
end_of_record
TN:
SF:controllers\studentController.js
FN:5,(anonymous_0)
FN:16,(anonymous_1)
FN:32,(anonymous_2)
FN:48,(anonymous_3)
FN:79,(anonymous_4)
FNF:5
FNH:2
FNDA:1,(anonymous_0)
FNDA:3,(anonymous_1)
FNDA:0,(anonymous_2)
FNDA:0,(anonymous_3)
FNDA:0,(anonymous_4)
DA:1,4
DA:2,4
DA:5,4
DA:6,1
DA:7,1
DA:9,1
DA:11,0
DA:16,4
DA:17,3
DA:18,3
DA:19,2
DA:20,1
DA:22,1
DA:25,1
DA:32,4
DA:33,0
DA:34,0
DA:35,0
DA:36,0
DA:41,0
DA:48,4
DA:49,0
DA:50,0
DA:51,0
DA:54,0
DA:55,0
DA:60,0
DA:61,0
DA:66,0
DA:69,0
DA:70,0
DA:74,0
DA:79,4
DA:80,0
DA:81,0
DA:82,0
DA:83,0
DA:85,0
DA:88,0
DA:94,4
LF:40
LH:17
BRDA:19,0,0,1
BRDA:19,0,1,1
BRDA:50,1,0,0
BRDA:50,1,1,0
BRDA:60,2,0,0
BRDA:60,2,1,0
BRDA:69,3,0,0
BRDA:69,3,1,0
BRDA:82,4,0,0
BRDA:82,4,1,0
BRF:10
BRH:2
end_of_record
TN:
SF:middlewares\validateCreateCourse.js
FN:3,(anonymous_0)
FN:17,(anonymous_1)
FNF:2
FNH:0
FNDA:0,(anonymous_0)
FNDA:0,(anonymous_1)
DA:1,4
DA:3,4
DA:4,0
DA:11,0
DA:17,0
DA:18,0
DA:19,0
DA:21,0
DA:25,4
LF:9
LH:3
BRDA:18,0,0,0
BRDA:18,0,1,0
BRF:2
BRH:0
end_of_record
TN:
SF:middlewares\validateUpdateCourse.js
FN:3,(anonymous_0)
FN:22,(anonymous_1)
FNF:2
FNH:0
FNDA:0,(anonymous_0)
FNDA:0,(anonymous_1)
DA:1,4
DA:3,4
DA:4,0
DA:11,0
DA:12,0
DA:13,0
DA:17,0
DA:22,0
DA:23,0
DA:24,0
DA:26,0
DA:30,4
LF:12
LH:3
BRDA:12,0,0,0
BRDA:12,0,1,0
BRDA:23,1,0,0
BRDA:23,1,1,0
BRF:4
BRH:0
end_of_record
TN:
SF:models\Club.js
FNF:0
FNH:0
DA:1,4
DA:3,4
DA:35,4
DA:36,4
LF:4
LH:4
BRF:0
BRH:0
end_of_record
TN:
SF:models\Course.js
FNF:0
FNH:0
DA:1,4
DA:3,4
DA:41,4
DA:42,4
LF:4
LH:4
BRF:0
BRH:0
end_of_record
TN:
SF:models\Room.js
FNF:0
FNH:0
DA:1,4
DA:3,4
DA:30,4
DA:31,4
LF:4
LH:4
BRF:0
BRH:0
end_of_record
TN:
SF:models\Student.js
FNF:0
FNH:0
DA:1,4
DA:3,4
DA:64,4
DA:65,4
LF:4
LH:4
BRF:0
BRH:0
end_of_record
TN:
SF:routes\clubs.js
FNF:0
FNH:0
DA:1,4
DA:3,4
DA:4,4
DA:8,4
DA:9,4
DA:12,4
DA:15,4
DA:18,4
DA:26,4
DA:34,4
DA:36,4
LF:11
LH:11
BRF:0
BRH:0
end_of_record
TN:
SF:routes\rooms.js
FNF:0
FNH:0
DA:1,4
DA:3,4
DA:4,4
DA:5,4
DA:6,4
DA:7,4
DA:10,4
DA:13,4
DA:16,4
DA:24,4
DA:32,4
DA:34,4
LF:12
LH:12
BRF:0
BRH:0
end_of_record
